[10:54:01] [main/WARN]: Ambiguity between arguments [teleport, destination] and [teleport, targets] with inputs: [Player, 0123, @e, dd12be42-52a9-4a91-a8a1-11c01849e498]
[10:54:01] [main/WARN]: Ambiguity between arguments [teleport, location] and [teleport, destination] with inputs: [0.1 -0.5 .9, 0 0 0]
[10:54:01] [main/WARN]: Ambiguity between arguments [teleport, location] and [teleport, targets] with inputs: [0.1 -0.5 .9, 0 0 0]
[10:54:01] [main/WARN]: Ambiguity between arguments [teleport, targets] and [teleport, destination] with inputs: [Player, 0123, dd12be42-52a9-4a91-a8a1-11c01849e498]
[10:54:01] [main/WARN]: Ambiguity between arguments [teleport, targets, location] and [teleport, targets, destination] with inputs: [0.1 -0.5 .9, 0 0 0]
[10:54:01] [main/INFO]: Reloading ResourceManager: Default
[10:54:01] [Worker-Main-4/INFO]: Loaded 7 recipes
[10:54:02] [Worker-Main-4/INFO]: Loaded 927 advancements
[10:54:04] [Server thread/INFO]: Starting minecraft server version 1.16.3
[10:54:04] [Server thread/WARN]: To start the server with more ram, launch it as "java -Xmx1024M -Xms1024M -jar minecraft_server.jar"
[10:54:04] [Server thread/INFO]: Loading properties
[10:54:04] [Server thread/INFO]: Default game type: SURVIVAL
[10:54:04] [Server thread/INFO]: Generating keypair
[10:54:04] [Server console handler/ERROR]: Exception handling console input
java.io.IOException: Неверный дескриптор
	at java.io.FileInputStream.readBytes(Native Method) ~[?:1.8.0_231]
	at java.io.FileInputStream.read(Unknown Source) ~[?:1.8.0_231]
	at java.io.BufferedInputStream.read1(Unknown Source) ~[?:1.8.0_231]
	at java.io.BufferedInputStream.read(Unknown Source) ~[?:1.8.0_231]
	at sun.nio.cs.StreamDecoder.readBytes(Unknown Source) ~[?:1.8.0_231]
	at sun.nio.cs.StreamDecoder.implRead(Unknown Source) ~[?:1.8.0_231]
	at sun.nio.cs.StreamDecoder.read(Unknown Source) ~[?:1.8.0_231]
	at java.io.InputStreamReader.read(Unknown Source) ~[?:1.8.0_231]
	at java.io.BufferedReader.fill(Unknown Source) ~[?:1.8.0_231]
	at java.io.BufferedReader.readLine(Unknown Source) ~[?:1.8.0_231]
	at java.io.BufferedReader.readLine(Unknown Source) ~[?:1.8.0_231]
	at zg$1.run(SourceFile:89) [server.jar:?]
[10:54:05] [Server thread/INFO]: Starting Minecraft server on *:25565
[10:54:05] [Server thread/INFO]: Using default channel type
[10:54:06] [Server thread/WARN]: **** SERVER IS RUNNING IN OFFLINE/INSECURE MODE!
[10:54:06] [Server thread/WARN]: The server will make no attempt to authenticate usernames. Beware.
[10:54:06] [Server thread/WARN]: While this makes the game possible to play without internet access, it also opens up the ability for hackers to connect with any username they choose.
[10:54:06] [Server thread/WARN]: To change this, set "online-mode" to "true" in the server.properties file.
[10:54:06] [Server thread/INFO]: Preparing level "world"
[10:54:06] [Server thread/INFO]: Preparing start region for dimension minecraft:overworld
[10:54:21] [Server thread/INFO]: Preparing spawn area: 0%
[10:54:21] [Server thread/INFO]: Preparing spawn area: 0%
[10:54:21] [Server thread/INFO]: Preparing spawn area: 0%
[10:54:21] [Server thread/INFO]: Preparing spawn area: 0%
[10:54:21] [Server thread/INFO]: Preparing spawn area: 0%
[10:54:21] [Server thread/INFO]: Preparing spawn area: 0%
[10:54:21] [Server thread/INFO]: Preparing spawn area: 0%
[10:54:21] [Server thread/INFO]: Preparing spawn area: 0%
[10:54:21] [Server thread/INFO]: Preparing spawn area: 0%
[10:54:21] [Server thread/INFO]: Preparing spawn area: 0%
[10:54:21] [Server thread/INFO]: Preparing spawn area: 0%
[10:54:21] [Server thread/INFO]: Preparing spawn area: 0%
[10:54:21] [Server thread/INFO]: Preparing spawn area: 0%
[10:54:21] [Server thread/INFO]: Preparing spawn area: 0%
[10:54:21] [Server thread/INFO]: Preparing spawn area: 0%
[10:54:21] [Server thread/INFO]: Preparing spawn area: 0%
[10:54:21] [Server thread/INFO]: Preparing spawn area: 0%
[10:54:21] [Server thread/INFO]: Preparing spawn area: 0%
[10:54:21] [Server thread/INFO]: Preparing spawn area: 0%
[10:54:21] [Server thread/INFO]: Preparing spawn area: 0%
[10:54:21] [Server thread/INFO]: Preparing spawn area: 0%
[10:54:21] [Server thread/INFO]: Preparing spawn area: 0%
[10:54:21] [Server thread/INFO]: Preparing spawn area: 0%
[10:54:21] [Server thread/INFO]: Preparing spawn area: 0%
[10:54:21] [Server thread/INFO]: Preparing spawn area: 0%
[10:54:21] [Server thread/INFO]: Preparing spawn area: 0%
[10:54:21] [Server thread/INFO]: Preparing spawn area: 0%
[10:54:21] [Server thread/INFO]: Preparing spawn area: 0%
[10:54:21] [Server thread/INFO]: Preparing spawn area: 0%
[10:54:21] [Server thread/INFO]: Preparing spawn area: 0%
[10:54:22] [Server thread/INFO]: Preparing spawn area: 0%
[10:54:22] [Server thread/INFO]: Preparing spawn area: 0%
[10:54:23] [Server thread/INFO]: Preparing spawn area: 35%
[10:54:23] [Server thread/INFO]: Preparing spawn area: 51%
[10:54:49] [Worker-Main-5/INFO]: Preparing spawn area: 83%
[10:54:49] [Worker-Main-5/INFO]: Preparing spawn area: 83%
[10:54:49] [Worker-Main-5/INFO]: Preparing spawn area: 83%
[10:54:49] [Worker-Main-5/INFO]: Preparing spawn area: 83%
[10:54:49] [Worker-Main-5/INFO]: Preparing spawn area: 83%
[10:54:49] [Worker-Main-5/INFO]: Preparing spawn area: 83%
[10:54:49] [Worker-Main-5/INFO]: Preparing spawn area: 83%
[10:54:49] [Worker-Main-5/INFO]: Preparing spawn area: 83%
[10:54:49] [Worker-Main-5/INFO]: Preparing spawn area: 83%
[10:54:49] [Worker-Main-5/INFO]: Preparing spawn area: 83%
[10:54:49] [Worker-Main-5/INFO]: Preparing spawn area: 83%
[10:54:49] [Worker-Main-5/INFO]: Preparing spawn area: 83%
[10:54:49] [Worker-Main-5/INFO]: Preparing spawn area: 83%
[10:54:49] [Worker-Main-5/INFO]: Preparing spawn area: 83%
[10:54:49] [Worker-Main-5/INFO]: Preparing spawn area: 83%
[10:54:49] [Worker-Main-5/INFO]: Preparing spawn area: 83%
[10:54:49] [Worker-Main-5/INFO]: Preparing spawn area: 83%
[10:54:49] [Worker-Main-5/INFO]: Preparing spawn area: 83%
[10:54:49] [Worker-Main-5/INFO]: Preparing spawn area: 83%
[10:54:49] [Worker-Main-5/INFO]: Preparing spawn area: 83%
[10:54:49] [Worker-Main-5/INFO]: Preparing spawn area: 83%
[10:54:49] [Worker-Main-5/INFO]: Preparing spawn area: 83%
[10:54:49] [Worker-Main-5/INFO]: Preparing spawn area: 83%
[10:54:49] [Worker-Main-5/INFO]: Preparing spawn area: 83%
[10:54:49] [Worker-Main-5/INFO]: Preparing spawn area: 83%
[10:54:49] [Worker-Main-5/INFO]: Preparing spawn area: 83%
[10:54:49] [Worker-Main-5/INFO]: Preparing spawn area: 83%
[10:54:49] [Worker-Main-5/INFO]: Preparing spawn area: 83%
[10:54:49] [Worker-Main-6/INFO]: Preparing spawn area: 83%
[10:54:49] [Worker-Main-6/INFO]: Preparing spawn area: 83%
[10:54:49] [Worker-Main-6/INFO]: Preparing spawn area: 83%
[10:54:49] [Worker-Main-6/INFO]: Preparing spawn area: 83%
[10:54:49] [Worker-Main-6/INFO]: Preparing spawn area: 83%
[10:54:49] [Worker-Main-6/INFO]: Preparing spawn area: 83%
[10:54:49] [Worker-Main-6/INFO]: Preparing spawn area: 83%
[10:54:49] [Worker-Main-6/INFO]: Preparing spawn area: 83%
[10:54:49] [Worker-Main-5/INFO]: Preparing spawn area: 83%
[10:54:49] [Worker-Main-6/INFO]: Preparing spawn area: 83%
[10:54:49] [Worker-Main-6/INFO]: Preparing spawn area: 83%
[10:54:49] [Worker-Main-6/INFO]: Preparing spawn area: 83%
[10:54:49] [Worker-Main-6/INFO]: Preparing spawn area: 83%
[10:54:49] [Worker-Main-6/INFO]: Preparing spawn area: 83%
[10:54:49] [Worker-Main-6/INFO]: Preparing spawn area: 83%
[10:54:49] [Worker-Main-6/INFO]: Preparing spawn area: 83%
[10:54:49] [Worker-Main-6/INFO]: Preparing spawn area: 83%
[10:54:49] [Worker-Main-6/INFO]: Preparing spawn area: 83%
[10:54:49] [Worker-Main-6/INFO]: Preparing spawn area: 83%
[10:54:49] [Worker-Main-6/INFO]: Preparing spawn area: 83%
[10:54:49] [Worker-Main-6/INFO]: Preparing spawn area: 83%
[10:54:49] [Worker-Main-6/INFO]: Preparing spawn area: 83%
[10:54:49] [Worker-Main-6/INFO]: Preparing spawn area: 83%
[10:54:50] [Worker-Main-5/INFO]: Preparing spawn area: 83%
[10:54:50] [Worker-Main-5/INFO]: Preparing spawn area: 83%
[10:54:50] [Worker-Main-5/INFO]: Preparing spawn area: 83%
[10:54:51] [Worker-Main-5/INFO]: Preparing spawn area: 83%
[10:54:51] [Worker-Main-5/INFO]: Preparing spawn area: 83%
[10:54:52] [Worker-Main-7/INFO]: Preparing spawn area: 83%
[10:54:52] [Worker-Main-7/INFO]: Preparing spawn area: 83%
[10:54:53] [Worker-Main-7/INFO]: Preparing spawn area: 83%
[10:54:53] [Worker-Main-5/INFO]: Preparing spawn area: 83%
[10:54:53] [Worker-Main-5/INFO]: Preparing spawn area: 83%
[10:54:54] [Worker-Main-7/INFO]: Preparing spawn area: 83%
[10:54:55] [Worker-Main-5/INFO]: Preparing spawn area: 83%
[10:54:55] [Worker-Main-5/INFO]: Preparing spawn area: 83%
[10:54:56] [Worker-Main-7/INFO]: Preparing spawn area: 83%
[10:54:56] [Worker-Main-7/INFO]: Preparing spawn area: 83%
[10:54:56] [Worker-Main-6/INFO]: Preparing spawn area: 83%
[10:54:57] [Worker-Main-5/INFO]: Preparing spawn area: 83%
[10:54:58] [Worker-Main-6/INFO]: Preparing spawn area: 83%
[10:54:58] [Worker-Main-7/INFO]: Preparing spawn area: 83%
[10:54:59] [Worker-Main-5/INFO]: Preparing spawn area: 83%
[10:54:59] [Worker-Main-7/INFO]: Preparing spawn area: 83%
[10:55:00] [Worker-Main-7/INFO]: Preparing spawn area: 83%
[10:55:00] [Worker-Main-5/INFO]: Preparing spawn area: 83%
[10:55:01] [Worker-Main-6/INFO]: Preparing spawn area: 83%
[10:55:01] [Worker-Main-6/INFO]: Preparing spawn area: 83%
[10:55:02] [Worker-Main-7/INFO]: Preparing spawn area: 83%
[10:55:02] [Worker-Main-7/INFO]: Preparing spawn area: 83%
[10:55:03] [Worker-Main-6/INFO]: Preparing spawn area: 83%
[10:55:03] [Worker-Main-7/INFO]: Preparing spawn area: 83%
[10:55:04] [Worker-Main-6/INFO]: Preparing spawn area: 83%
[10:55:05] [Worker-Main-5/INFO]: Preparing spawn area: 83%
[10:55:05] [Worker-Main-6/INFO]: Preparing spawn area: 83%
[10:55:05] [Worker-Main-6/INFO]: Preparing spawn area: 83%
[10:55:06] [Worker-Main-6/INFO]: Preparing spawn area: 83%
[10:55:07] [Server thread/INFO]: Preparing spawn area: 83%
[10:55:07] [Server thread/INFO]: Preparing spawn area: 83%
[10:55:07] [Server thread/INFO]: Preparing spawn area: 84%
[10:55:08] [Server thread/INFO]: Preparing spawn area: 84%
[10:55:08] [Worker-Main-6/INFO]: Preparing spawn area: 84%
[10:55:09] [Worker-Main-6/INFO]: Preparing spawn area: 84%
[10:55:09] [Worker-Main-6/INFO]: Preparing spawn area: 84%
[10:55:10] [Worker-Main-5/INFO]: Preparing spawn area: 84%
[10:55:10] [Worker-Main-5/INFO]: Preparing spawn area: 84%
[10:55:11] [Worker-Main-5/INFO]: Preparing spawn area: 85%
[10:55:11] [Worker-Main-7/INFO]: Preparing spawn area: 85%
[10:55:12] [Worker-Main-6/INFO]: Preparing spawn area: 85%
[10:55:12] [Worker-Main-5/INFO]: Preparing spawn area: 85%
[10:55:13] [Worker-Main-5/INFO]: Preparing spawn area: 85%
[10:55:13] [Server thread/INFO]: Preparing spawn area: 85%
[10:55:14] [Worker-Main-5/INFO]: Preparing spawn area: 85%
[10:55:14] [Worker-Main-7/INFO]: Preparing spawn area: 85%
[10:55:15] [Worker-Main-7/INFO]: Preparing spawn area: 85%
[10:55:15] [Worker-Main-7/INFO]: Preparing spawn area: 85%
[10:55:16] [Worker-Main-5/INFO]: Preparing spawn area: 85%
[10:55:16] [Worker-Main-5/INFO]: Preparing spawn area: 85%
[10:55:16] [Worker-Main-5/INFO]: Preparing spawn area: 85%
[10:55:17] [Worker-Main-5/INFO]: Preparing spawn area: 85%
[10:55:18] [Worker-Main-7/INFO]: Preparing spawn area: 85%
[10:55:18] [Worker-Main-6/INFO]: Preparing spawn area: 85%
[10:55:19] [Worker-Main-5/INFO]: Preparing spawn area: 85%
[10:55:19] [Worker-Main-7/INFO]: Preparing spawn area: 85%
[10:55:20] [Worker-Main-5/INFO]: Preparing spawn area: 85%
[10:55:20] [Worker-Main-7/INFO]: Preparing spawn area: 85%
[10:55:21] [Worker-Main-5/INFO]: Preparing spawn area: 85%
[10:55:21] [Worker-Main-7/INFO]: Preparing spawn area: 85%
[10:55:22] [Worker-Main-6/INFO]: Preparing spawn area: 85%
[10:55:22] [Worker-Main-5/INFO]: Preparing spawn area: 85%
[10:55:23] [Worker-Main-5/INFO]: Preparing spawn area: 85%
[10:55:23] [Worker-Main-5/INFO]: Preparing spawn area: 85%
[10:55:24] [Worker-Main-5/INFO]: Preparing spawn area: 86%
[10:55:24] [Worker-Main-5/INFO]: Preparing spawn area: 86%
[10:55:25] [Worker-Main-6/INFO]: Preparing spawn area: 86%
[10:55:25] [Worker-Main-6/INFO]: Preparing spawn area: 86%
[10:55:26] [Worker-Main-5/INFO]: Preparing spawn area: 86%
[10:55:26] [Server thread/INFO]: Preparing spawn area: 86%
[10:55:27] [Server thread/INFO]: Preparing spawn area: 87%
[10:55:28] [Worker-Main-7/INFO]: Preparing spawn area: 87%
[10:55:28] [Worker-Main-7/INFO]: Preparing spawn area: 87%
[10:55:28] [Server thread/INFO]: Preparing spawn area: 87%
[10:55:29] [Worker-Main-7/INFO]: Preparing spawn area: 87%
[10:55:29] [Worker-Main-7/INFO]: Preparing spawn area: 87%
[10:55:30] [Worker-Main-7/INFO]: Preparing spawn area: 88%
[10:55:30] [Worker-Main-7/INFO]: Preparing spawn area: 88%
[10:55:31] [Worker-Main-7/INFO]: Preparing spawn area: 88%
[10:55:31] [Worker-Main-6/INFO]: Preparing spawn area: 89%
[10:55:32] [Server thread/INFO]: Preparing spawn area: 89%
[10:55:32] [Server thread/INFO]: Preparing spawn area: 89%
[10:55:33] [Worker-Main-7/INFO]: Preparing spawn area: 89%
[10:55:33] [Worker-Main-7/INFO]: Preparing spawn area: 89%
[10:55:34] [Server thread/INFO]: Preparing spawn area: 89%
[10:55:34] [Worker-Main-7/INFO]: Preparing spawn area: 90%
[10:55:35] [Worker-Main-7/INFO]: Preparing spawn area: 90%
[10:55:35] [Worker-Main-5/INFO]: Preparing spawn area: 90%
[10:55:36] [Worker-Main-5/INFO]: Preparing spawn area: 91%
[10:55:36] [Worker-Main-5/INFO]: Preparing spawn area: 91%
[10:55:37] [Worker-Main-5/INFO]: Preparing spawn area: 91%
[10:55:37] [Worker-Main-5/INFO]: Preparing spawn area: 91%
[10:55:38] [Worker-Main-6/INFO]: Preparing spawn area: 91%
[10:55:38] [Worker-Main-6/INFO]: Preparing spawn area: 91%
[10:55:39] [Worker-Main-6/INFO]: Preparing spawn area: 92%
[10:55:39] [Worker-Main-6/INFO]: Preparing spawn area: 92%
[10:55:40] [Worker-Main-6/INFO]: Preparing spawn area: 93%
[10:55:40] [Server thread/INFO]: Preparing spawn area: 94%
[10:55:40] [Worker-Main-5/INFO]: Preparing spawn area: 94%
[10:55:41] [Worker-Main-5/INFO]: Preparing spawn area: 95%
[10:55:42] [Worker-Main-5/INFO]: Preparing spawn area: 95%
[10:55:42] [Worker-Main-6/INFO]: Preparing spawn area: 95%
[10:55:43] [Worker-Main-6/INFO]: Preparing spawn area: 95%
[10:55:44] [Worker-Main-7/INFO]: Preparing spawn area: 97%
[10:55:44] [Worker-Main-7/INFO]: Preparing spawn area: 97%
[10:55:45] [Worker-Main-6/INFO]: Preparing spawn area: 98%
[10:55:45] [Worker-Main-6/INFO]: Preparing spawn area: 98%
[10:55:45] [Worker-Main-6/INFO]: Preparing spawn area: 99%
[10:55:46] [Worker-Main-7/INFO]: Preparing spawn area: 99%
[10:55:46] [Worker-Main-7/INFO]: Preparing spawn area: 99%
[10:55:47] [Server thread/INFO]: Preparing spawn area: 99%
[10:55:47] [Server thread/INFO]: Preparing spawn area: 99%
[10:55:47] [Server thread/INFO]: Time elapsed: 100787 ms
[10:55:47] [Server thread/INFO]: Done (100.923s)! For help, type "help"
[10:55:49] [Server thread/WARN]: Can't keep up! Is the server overloaded? Running 2017ms or 40 ticks behind
[10:55:54] [Server thread/INFO]: ilapro53[/192.168.2.147:63937] logged in with entity id 147 at (-28.544766296379418, 65.0, -98.40365968637876)
[10:55:54] [Server thread/INFO]: ilapro53 joined the game
[10:56:44] [Server thread/WARN]: Can't keep up! Is the server overloaded? Running 39334ms or 786 ticks behind
[10:58:03] [Server thread/WARN]: Can't keep up! Is the server overloaded? Running 64343ms or 1286 ticks behind
[10:58:27] [Server thread/INFO]: ilapro53 lost connection: Disconnected
[10:58:27] [Server thread/INFO]: ilapro53 left the game
[10:58:47] [Server thread/WARN]: Can't keep up! Is the server overloaded? Running 29203ms or 584 ticks behind
[11:00:29] [Server thread/INFO]: Stopping server
[11:00:29] [Server thread/INFO]: Saving players
[11:00:29] [Server thread/INFO]: Saving worlds
[11:00:29] [Server thread/INFO]: Saving chunks for level 'ServerLevel[world]'/minecraft:overworld
[11:00:52] [Server thread/INFO]: ThreadedAnvilChunkStorage (world): All chunks are saved
[11:00:53] [Server thread/INFO]: Saving chunks for level 'ServerLevel[world]'/minecraft:the_nether
[11:00:53] [Server thread/INFO]: ThreadedAnvilChunkStorage (DIM-1): All chunks are saved
[11:00:53] [Server thread/INFO]: Saving chunks for level 'ServerLevel[world]'/minecraft:the_end
[11:00:53] [Server thread/INFO]: ThreadedAnvilChunkStorage (DIM1): All chunks are saved
[11:00:53] [Server thread/INFO]: ThreadedAnvilChunkStorage (world): All chunks are saved
[11:00:54] [Server thread/INFO]: ThreadedAnvilChunkStorage (DIM-1): All chunks are saved
[11:00:54] [Server thread/INFO]: ThreadedAnvilChunkStorage (DIM1): All chunks are saved
